Disk Report - Thu Sep 25 12:12:30 PM EDT 2025
Filesystem      Size  Used Avail Use% Mounted on
tmpfs           336M  2.1M  334M   1% /run
/dev/sda2        20G   12G  7.5G  60% /
tmpfs           1.7G     0  1.7G   0% /dev/shm
tmpfs           5.0M  8.0K  5.0M   1% /run/lock
tmpfs           1.0M     0  1.0M   0% /run/credentials/systemd-journald.service
tmpfs           1.0M     0  1.0M   0% /run/credentials/systemd-resolved.service
tmpfs           1.7G   16K  1.7G   1% /tmp
tmpfs           336M  116K  336M   1% /run/user/1000
/dev/sr0        100M  100M     0 100% /media/emi/CDROM
/dev/sr1        5.9G  5.9G     0 100% /media/emi/Ubuntu 25.04 amd64
------------------------
Disk Report - Thu Oct  2 01:41:45 PM EDT 2025
Filesystem      Size  Used Avail Use% Mounted on
tmpfs           336M  2.2M  334M   1% /run
/dev/sda2        20G   11G  7.8G  59% /
tmpfs           1.7G     0  1.7G   0% /dev/shm
tmpfs           5.0M  8.0K  5.0M   1% /run/lock
tmpfs           1.0M     0  1.0M   0% /run/credentials/systemd-journald.service
tmpfs           1.0M     0  1.0M   0% /run/credentials/systemd-resolved.service
tmpfs           1.7G   20K  1.7G   1% /tmp
tmpfs           336M  120K  336M   1% /run/user/1000
/dev/sr1        5.9G  5.9G     0 100% /media/emi/Ubuntu 25.04 amd64
/dev/sr0        100M  100M     0 100% /media/emi/CDROM
------------------------
Disk Report - Thu Oct  2 02:29:51 PM EDT 2025
Filesystem      Size  Used Avail Use% Mounted on
tmpfs           336M  2.2M  334M   1% /run
/dev/sda2        20G   11G  7.8G  59% /
tmpfs           1.7G     0  1.7G   0% /dev/shm
tmpfs           5.0M  8.0K  5.0M   1% /run/lock
tmpfs           1.0M     0  1.0M   0% /run/credentials/systemd-journald.service
tmpfs           1.0M     0  1.0M   0% /run/credentials/systemd-resolved.service
tmpfs           1.7G   20K  1.7G   1% /tmp
tmpfs           336M  128K  336M   1% /run/user/1000
/dev/sr1        5.9G  5.9G     0 100% /media/emi/Ubuntu 25.04 amd64
/dev/sr0        100M  100M     0 100% /media/emi/CDROM
------------------------
